<?xml version="1.0" encoding="UTF-8"?>
<testng-results ignored="0" total="1" passed="1" failed="0" skipped="0">
  <reporter-output>
    <line>
      <![CDATA[---<Starting Chrome Browser>---]]>
    </line>
    <line>
      <![CDATA[---<Launched URL>---]]>
    </line>
    <line>
      <![CDATA[---<Closing Browser>---]]>
    </line>
  </reporter-output>
  <suite started-at="2021-06-21T06:09:20 GMT-06:00" name="Default suite" finished-at="2021-06-21T06:09:33 GMT-06:00" duration-ms="12882">
    <groups>
    </groups>
    <test started-at="2021-06-21T06:09:20 GMT-06:00" name="Default test" finished-at="2021-06-21T06:09:33 GMT-06:00" duration-ms="12882">
      <class name="test.Guru99ExactTestCase">
        <test-method is-config="true" signature="setup()[pri:0, instance:test.Guru99ExactTestCase@48e4374]" started-at="2021-06-21T06:09:20 GMT-06:00" name="setup" finished-at="2021-06-21T06:09:25 GMT-06:00" duration-ms="5348" status="PASS">
          <reporter-output>
            <line>
              <![CDATA[---<Starting Chrome Browser>---]]>
            </line>
            <line>
              <![CDATA[---<Launched URL>---]]>
            </line>
          </reporter-output>
        </test-method> <!-- setup -->
        <test-method signature="Testpages()[pri:0, instance:test.Guru99ExactTestCase@48e4374]" started-at="2021-06-21T06:09:25 GMT-06:00" name="Testpages" finished-at="2021-06-21T06:09:33 GMT-06:00" duration-ms="7428" status="PASS">
          <reporter-output>
          </reporter-output>
        </test-method> <!-- Testpages -->
        <test-method is-config="true" signature="teardown()[pri:0, instance:test.Guru99ExactTestCase@48e4374]" started-at="2021-06-21T06:09:33 GMT-06:00" name="teardown" finished-at="2021-06-21T06:09:33 GMT-06:00" duration-ms="67" status="PASS">
          <reporter-output>
            <line>
              <![CDATA[---<Closing Browser>---]]>
            </line>
          </reporter-output>
        </test-method> <!-- teardown -->
      </class> <!-- test.Guru99ExactTestCase -->
    </test> <!-- Default test -->
  </suite> <!-- Default suite -->
</testng-results>
